<?xml version="1.0" encoding="UTF-8"?>
<testng-results ignored="0" total="3" passed="3" failed="0" skipped="0">
  <reporter-output>
  </reporter-output>
  <suite started-at="2024-07-27T21:01:52 IST" name="Suite" finished-at="2024-07-27T21:02:12 IST" duration-ms="20672">
    <groups>
    </groups>
    <test started-at="2024-07-27T21:01:52 IST" name="Test" finished-at="2024-07-27T21:02:12 IST" duration-ms="20672">
      <class name="com.sample.TestScripts.Linkdin_Test">
        <test-method signature="executeScript()[pri:0, instance:com.sample.TestScripts.Linkdin_Test@128d2484]" started-at="2024-07-27T21:01:52 IST" name="executeScript" finished-at="2024-07-27T21:01:58 IST" duration-ms="5683" status="PASS">
          <reporter-output>
          </reporter-output>
        </test-method> <!-- executeScript -->
      </class> <!-- com.sample.TestScripts.Linkdin_Test -->
      <class name="com.sample.TestScripts.Indeed_Test">
        <test-method signature="executeScript()[pri:0, instance:com.sample.TestScripts.Indeed_Test@47eaca72]" started-at="2024-07-27T21:01:58 IST" name="executeScript" finished-at="2024-07-27T21:02:04 IST" duration-ms="6796" status="PASS">
          <reporter-output>
          </reporter-output>
        </test-method> <!-- executeScript -->
      </class> <!-- com.sample.TestScripts.Indeed_Test -->
      <class name="com.sample.TestScripts.Naukari_Test">
        <test-method signature="executeScript()[pri:0, instance:com.sample.TestScripts.Naukari_Test@55141def]" started-at="2024-07-27T21:02:04 IST" name="executeScript" finished-at="2024-07-27T21:02:12 IST" duration-ms="8121" status="PASS">
          <reporter-output>
          </reporter-output>
        </test-method> <!-- executeScript -->
      </class> <!-- com.sample.TestScripts.Naukari_Test -->
    </test> <!-- Test -->
  </suite> <!-- Suite -->
</testng-results>
