<?xml version="1.0" encoding="UTF-8"?>
<!-- Generated by org.testng.reporters.JUnitXMLReporter -->
<testsuite ignored="0" hostname="DESKTOP-EE4TE48" failures="0" tests="3" name="Test" time="20.672" errors="0" timestamp="2024-07-27T21:02:12 IST">
  <testcase classname="com.sample.TestScripts.Linkdin_Test" name="executeScript" time="5.683"/>
  <testcase classname="com.sample.TestScripts.Indeed_Test" name="executeScript" time="6.796"/>
  <testcase classname="com.sample.TestScripts.Naukari_Test" name="executeScript" time="8.121"/>
</testsuite> <!-- Test -->
